<?xml version="1.0" encoding="UTF-8"?>
<!-- Generated by org.testng.reporters.JUnitXMLReporter -->
<testsuite ignored="4" hostname="LAPTOP-LECUR5M7" failures="0" tests="3" name="Test" time="131.683" errors="0" timestamp="2024-07-15T15:42:55 IST">
  <testcase classname="ScriptUsingTestNg.ScriptForDocumentPageUSingTestNG_Test" name="script6" time="24.34"/>
  <testcase classname="ScriptUsingTestNg.ScriptForCampaignUsingTestNg_Test" name="script6" time="15.281"/>
  <testcase classname="ScriptUsingTestNg.ScriptForContactsUSingTestNg_Test" name="script2" time="17.075"/>
  <testcase classname="genericlib.BaseClass_forTestNg" name="@BeforeSuite BeforeSuite" time="0.0">
    <ignored/>
  </testcase> <!-- @BeforeSuite BeforeSuite -->
  <testcase classname="genericlib.BaseClass_forTestNg" name="@BeforeSuite BeforeSuite" time="0.0">
    <ignored/>
  </testcase> <!-- @BeforeSuite BeforeSuite -->
  <testcase classname="genericlib.BaseClass_forTestNg" name="@AfterSuite afterSuite" time="0.0">
    <ignored/>
  </testcase> <!-- @AfterSuite afterSuite -->
  <testcase classname="genericlib.BaseClass_forTestNg" name="@AfterSuite afterSuite" time="0.0">
    <ignored/>
  </testcase> <!-- @AfterSuite afterSuite -->
</testsuite> <!-- Test -->
